<?xml version="1.0" encoding="UTF-8"?>
<testsuite xmlns:xsi="http://www.w3.org/2001/XMLSchema-instance" xsi:noNamespaceSchemaLocation="https://maven.apache.org/surefire/maven-surefire-plugin/xsd/surefire-test-report.xsd" name="com.example.demo.DemoApplicationTests" time="6.947" tests="1" errors="0" skipped="0" failures="0">
  <properties>
    <property name="sun.desktop" value="windows"/>
    <property name="awt.toolkit" value="sun.awt.windows.WToolkit"/>
    <property name="file.encoding.pkg" value="sun.io"/>
    <property name="java.specification.version" value="1.8"/>
    <property name="sun.cpu.isalist" value=""/>
    <property name="sun.jnu.encoding" value="GBK"/>
    <property name="java.class.path" value="E:\大学学习\主课程\大三上\数据库原理实验\DB8_2020303150_郭方栩\springboot-cov-manage\target\test-classes;E:\大学学习\主课程\大三上\数据库原理实验\DB8_2020303150_郭方栩\springboot-cov-manage\target\classes;E:\Maven\repository\org\springframework\boot\spring-boot-starter-data-jdbc\2.7.0\spring-boot-starter-data-jdbc-2.7.0.jar;E:\Maven\repository\org\springframework\boot\spring-boot-starter-jdbc\2.7.0\spring-boot-starter-jdbc-2.7.0.jar;E:\Maven\repository\com\zaxxer\HikariCP\4.0.3\HikariCP-4.0.3.jar;E:\Maven\repository\org\springframework\spring-jdbc\5.3.20\spring-jdbc-5.3.20.jar;E:\Maven\repository\org\springframework\data\spring-data-jdbc\2.4.0\spring-data-jdbc-2.4.0.jar;E:\Maven\repository\org\springframework\data\spring-data-relational\2.4.0\spring-data-relational-2.4.0.jar;E:\Maven\repository\org\springframework\data\spring-data-commons\2.7.0\spring-data-commons-2.7.0.jar;E:\Maven\repository\org\springframework\spring-tx\5.3.20\spring-tx-5.3.20.jar;E:\Maven\repository\org\springframework\spring-context\5.3.20\spring-context-5.3.20.jar;E:\Maven\repository\org\springframework\spring-beans\5.3.20\spring-beans-5.3.20.jar;E:\Maven\repository\org\springframework\boot\spring-boot-starter-thymeleaf\2.7.0\spring-boot-starter-thymeleaf-2.7.0.jar;E:\Maven\repository\org\springframework\boot\spring-boot-starter\2.7.0\spring-boot-starter-2.7.0.jar;E:\Maven\repository\jakarta\annotation\jakarta.annotation-api\1.3.5\jakarta.annotation-api-1.3.5.jar;E:\Maven\repository\org\yaml\snakeyaml\1.30\snakeyaml-1.30.jar;E:\Maven\repository\org\thymeleaf\thymeleaf-spring5\3.0.15.RELEASE\thymeleaf-spring5-3.0.15.RELEASE.jar;E:\Maven\repository\org\thymeleaf\thymeleaf\3.0.15.RELEASE\thymeleaf-3.0.15.RELEASE.jar;E:\Maven\repository\org\attoparser\attoparser\2.0.5.RELEASE\attoparser-2.0.5.RELEASE.jar;E:\Maven\repository\org\unbescape\unbescape\1.1.6.RELEASE\unbescape-1.1.6.RELEASE.jar;E:\Maven\repository\org\thymeleaf\extras\thymeleaf-extras-java8time\3.0.4.RELEASE\thymeleaf-extras-java8time-3.0.4.RELEASE.jar;E:\Maven\repository\org\springframework\boot\spring-boot-starter-web\2.7.0\spring-boot-starter-web-2.7.0.jar;E:\Maven\repository\org\springframework\boot\spring-boot-starter-json\2.7.0\spring-boot-starter-json-2.7.0.jar;E:\Maven\repository\com\fasterxml\jackson\core\jackson-databind\2.13.3\jackson-databind-2.13.3.jar;E:\Maven\repository\com\fasterxml\jackson\core\jackson-annotations\2.13.3\jackson-annotations-2.13.3.jar;E:\Maven\repository\com\fasterxml\jackson\core\jackson-core\2.13.3\jackson-core-2.13.3.jar;E:\Maven\repository\com\fasterxml\jackson\datatype\jackson-datatype-jdk8\2.13.3\jackson-datatype-jdk8-2.13.3.jar;E:\Maven\repository\com\fasterxml\jackson\datatype\jackson-datatype-jsr310\2.13.3\jackson-datatype-jsr310-2.13.3.jar;E:\Maven\repository\com\fasterxml\jackson\module\jackson-module-parameter-names\2.13.3\jackson-module-parameter-names-2.13.3.jar;E:\Maven\repository\org\springframework\boot\spring-boot-starter-tomcat\2.7.0\spring-boot-starter-tomcat-2.7.0.jar;E:\Maven\repository\org\apache\tomcat\embed\tomcat-embed-core\9.0.63\tomcat-embed-core-9.0.63.jar;E:\Maven\repository\org\apache\tomcat\embed\tomcat-embed-el\9.0.63\tomcat-embed-el-9.0.63.jar;E:\Maven\repository\org\apache\tomcat\embed\tomcat-embed-websocket\9.0.63\tomcat-embed-websocket-9.0.63.jar;E:\Maven\repository\org\springframework\spring-web\5.3.20\spring-web-5.3.20.jar;E:\Maven\repository\org\springframework\spring-webmvc\5.3.20\spring-webmvc-5.3.20.jar;E:\Maven\repository\org\springframework\spring-aop\5.3.20\spring-aop-5.3.20.jar;E:\Maven\repository\org\springframework\spring-expression\5.3.20\spring-expression-5.3.20.jar;E:\Maven\repository\ch\qos\logback\logback-core\1.2.11\logback-core-1.2.11.jar;E:\Maven\repository\org\slf4j\slf4j-api\1.7.36\slf4j-api-1.7.36.jar;E:\Maven\repository\ch\qos\logback\logback-classic\1.2.11\logback-classic-1.2.11.jar;E:\Maven\repository\com\squareup\okhttp3\okhttp\3.14.9\okhttp-3.14.9.jar;E:\Maven\repository\com\squareup\okio\okio\1.17.2\okio-1.17.2.jar;E:\Maven\repository\org\springframework\boot\spring-boot-devtools\2.7.0\spring-boot-devtools-2.7.0.jar;E:\Maven\repository\org\springframework\boot\spring-boot\2.7.0\spring-boot-2.7.0.jar;E:\Maven\repository\org\springframework\boot\spring-boot-autoconfigure\2.7.0\spring-boot-autoconfigure-2.7.0.jar;E:\Maven\repository\com\baomidou\mybatis-plus-boot-starter\3.1.1\mybatis-plus-boot-starter-3.1.1.jar;E:\Maven\repository\com\baomidou\mybatis-plus\3.1.1\mybatis-plus-3.1.1.jar;E:\Maven\repository\com\baomidou\mybatis-plus-extension\3.1.1\mybatis-plus-extension-3.1.1.jar;E:\Maven\repository\com\baomidou\mybatis-plus-core\3.1.1\mybatis-plus-core-3.1.1.jar;E:\Maven\repository\com\baomidou\mybatis-plus-annotation\3.1.1\mybatis-plus-annotation-3.1.1.jar;E:\Maven\repository\com\github\jsqlparser\jsqlparser\1.2\jsqlparser-1.2.jar;E:\Maven\repository\org\mybatis\mybatis\3.5.1\mybatis-3.5.1.jar;E:\Maven\repository\org\mybatis\mybatis-spring\2.0.1\mybatis-spring-2.0.1.jar;E:\Maven\repository\mysql\mysql-connector-java\8.0.29\mysql-connector-java-8.0.29.jar;E:\Maven\repository\org\projectlombok\lombok\1.18.24\lombok-1.18.24.jar;E:\Maven\repository\org\apache\poi\poi\4.0.0\poi-4.0.0.jar;E:\Maven\repository\commons-codec\commons-codec\1.15\commons-codec-1.15.jar;E:\Maven\repository\org\apache\commons\commons-collections4\4.2\commons-collections4-4.2.jar;E:\Maven\repository\org\apache\poi\poi-ooxml\4.0.0\poi-ooxml-4.0.0.jar;E:\Maven\repository\org\apache\poi\poi-ooxml-schemas\4.0.0\poi-ooxml-schemas-4.0.0.jar;E:\Maven\repository\org\apache\xmlbeans\xmlbeans\3.0.1\xmlbeans-3.0.1.jar;E:\Maven\repository\org\apache\commons\commons-compress\1.18\commons-compress-1.18.jar;E:\Maven\repository\com\github\virtuald\curvesapi\1.04\curvesapi-1.04.jar;E:\Maven\repository\org\apache\httpcomponents\httpclient\4.5.2\httpclient-4.5.2.jar;E:\Maven\repository\org\apache\httpcomponents\httpcore\4.4.15\httpcore-4.4.15.jar;E:\Maven\repository\com\alibaba\fastjson\1.2.56\fastjson-1.2.56.jar;E:\Maven\repository\cn\hutool\hutool-all\4.6.8\hutool-all-4.6.8.jar;E:\Maven\repository\org\apache\shiro\shiro-spring\1.4.2\shiro-spring-1.4.2.jar;E:\Maven\repository\org\apache\shiro\shiro-web\1.4.2\shiro-web-1.4.2.jar;E:\Maven\repository\org\apache\shiro\shiro-core\1.4.2\shiro-core-1.4.2.jar;E:\Maven\repository\org\apache\shiro\shiro-lang\1.4.2\shiro-lang-1.4.2.jar;E:\Maven\repository\org\apache\shiro\shiro-cache\1.4.2\shiro-cache-1.4.2.jar;E:\Maven\repository\org\apache\shiro\shiro-crypto-hash\1.4.2\shiro-crypto-hash-1.4.2.jar;E:\Maven\repository\org\apache\shiro\shiro-crypto-core\1.4.2\shiro-crypto-core-1.4.2.jar;E:\Maven\repository\org\apache\shiro\shiro-crypto-cipher\1.4.2\shiro-crypto-cipher-1.4.2.jar;E:\Maven\repository\org\apache\shiro\shiro-config-core\1.4.2\shiro-config-core-1.4.2.jar;E:\Maven\repository\org\apache\shiro\shiro-config-ogdl\1.4.2\shiro-config-ogdl-1.4.2.jar;E:\Maven\repository\commons-beanutils\commons-beanutils\1.9.3\commons-beanutils-1.9.3.jar;E:\Maven\repository\commons-collections\commons-collections\3.2.2\commons-collections-3.2.2.jar;E:\Maven\repository\org\apache\shiro\shiro-event\1.4.2\shiro-event-1.4.2.jar;E:\Maven\repository\com\github\theborakompanioni\thymeleaf-extras-shiro\2.0.0\thymeleaf-extras-shiro-2.0.0.jar;E:\Maven\repository\org\apache\commons\commons-lang3\3.12.0\commons-lang3-3.12.0.jar;E:\Maven\repository\redis\clients\jedis\2.7.1\jedis-2.7.1.jar;E:\Maven\repository\org\apache\commons\commons-pool2\2.11.1\commons-pool2-2.11.1.jar;E:\Maven\repository\org\springframework\boot\spring-boot-starter-test\2.7.0\spring-boot-starter-test-2.7.0.jar;E:\Maven\repository\org\springframework\boot\spring-boot-test\2.7.0\spring-boot-test-2.7.0.jar;E:\Maven\repository\org\springframework\boot\spring-boot-test-autoconfigure\2.7.0\spring-boot-test-autoconfigure-2.7.0.jar;E:\Maven\repository\com\jayway\jsonpath\json-path\2.7.0\json-path-2.7.0.jar;E:\Maven\repository\net\minidev\json-smart\2.4.8\json-smart-2.4.8.jar;E:\Maven\repository\net\minidev\accessors-smart\2.4.8\accessors-smart-2.4.8.jar;E:\Maven\repository\org\ow2\asm\asm\9.1\asm-9.1.jar;E:\Maven\repository\jakarta\xml\bind\jakarta.xml.bind-api\2.3.3\jakarta.xml.bind-api-2.3.3.jar;E:\Maven\repository\jakarta\activation\jakarta.activation-api\1.2.2\jakarta.activation-api-1.2.2.jar;E:\Maven\repository\org\assertj\assertj-core\3.22.0\assertj-core-3.22.0.jar;E:\Maven\repository\org\hamcrest\hamcrest\2.2\hamcrest-2.2.jar;E:\Maven\repository\org\junit\jupiter\junit-jupiter\5.8.2\junit-jupiter-5.8.2.jar;E:\Maven\repository\org\junit\jupiter\junit-jupiter-api\5.8.2\junit-jupiter-api-5.8.2.jar;E:\Maven\repository\org\opentest4j\opentest4j\1.2.0\opentest4j-1.2.0.jar;E:\Maven\repository\org\junit\platform\junit-platform-commons\1.8.2\junit-platform-commons-1.8.2.jar;E:\Maven\repository\org\apiguardian\apiguardian-api\1.1.2\apiguardian-api-1.1.2.jar;E:\Maven\repository\org\junit\jupiter\junit-jupiter-params\5.8.2\junit-jupiter-params-5.8.2.jar;E:\Maven\repository\org\junit\jupiter\junit-jupiter-engine\5.8.2\junit-jupiter-engine-5.8.2.jar;E:\Maven\repository\org\junit\platform\junit-platform-engine\1.8.2\junit-platform-engine-1.8.2.jar;E:\Maven\repository\org\mockito\mockito-core\4.5.1\mockito-core-4.5.1.jar;E:\Maven\repository\net\bytebuddy\byte-buddy\1.12.10\byte-buddy-1.12.10.jar;E:\Maven\repository\net\bytebuddy\byte-buddy-agent\1.12.10\byte-buddy-agent-1.12.10.jar;E:\Maven\repository\org\objenesis\objenesis\3.2\objenesis-3.2.jar;E:\Maven\repository\org\mockito\mockito-junit-jupiter\4.5.1\mockito-junit-jupiter-4.5.1.jar;E:\Maven\repository\org\skyscreamer\jsonassert\1.5.0\jsonassert-1.5.0.jar;E:\Maven\repository\com\vaadin\external\google\android-json\0.0.20131108.vaadin1\android-json-0.0.20131108.vaadin1.jar;E:\Maven\repository\org\springframework\spring-core\5.3.20\spring-core-5.3.20.jar;E:\Maven\repository\org\springframework\spring-jcl\5.3.20\spring-jcl-5.3.20.jar;E:\Maven\repository\org\springframework\spring-test\5.3.20\spring-test-5.3.20.jar;E:\Maven\repository\org\xmlunit\xmlunit-core\2.9.0\xmlunit-core-2.9.0.jar;"/>
    <property name="java.vm.vendor" value="Oracle Corporation"/>
    <property name="sun.arch.data.model" value="32"/>
    <property name="user.variant" value=""/>
    <property name="java.vendor.url" value="http://java.oracle.com/"/>
    <property name="user.timezone" value="Asia/Shanghai"/>
    <property name="java.vm.specification.version" value="1.8"/>
    <property name="os.name" value="Windows 10"/>
    <property name="user.country" value="CN"/>
    <property name="sun.java.launcher" value="SUN_STANDARD"/>
    <property name="sun.boot.library.path" value="D:\JAVA8\jre\bin"/>
    <property name="sun.java.command" value="C:\Users\20824\AppData\Local\Temp\surefire5309698993249967236\surefirebooter5195317195220733343.jar C:\Users\20824\AppData\Local\Temp\surefire5309698993249967236 2022-12-28T19-29-23_548-jvmRun1 surefire1945379936192372248tmp surefire_08620043484393273970tmp"/>
    <property name="surefire.test.class.path" value="E:\大学学习\主课程\大三上\数据库原理实验\DB8_2020303150_郭方栩\springboot-cov-manage\target\test-classes;E:\大学学习\主课程\大三上\数据库原理实验\DB8_2020303150_郭方栩\springboot-cov-manage\target\classes;E:\Maven\repository\org\springframework\boot\spring-boot-starter-data-jdbc\2.7.0\spring-boot-starter-data-jdbc-2.7.0.jar;E:\Maven\repository\org\springframework\boot\spring-boot-starter-jdbc\2.7.0\spring-boot-starter-jdbc-2.7.0.jar;E:\Maven\repository\com\zaxxer\HikariCP\4.0.3\HikariCP-4.0.3.jar;E:\Maven\repository\org\springframework\spring-jdbc\5.3.20\spring-jdbc-5.3.20.jar;E:\Maven\repository\org\springframework\data\spring-data-jdbc\2.4.0\spring-data-jdbc-2.4.0.jar;E:\Maven\repository\org\springframework\data\spring-data-relational\2.4.0\spring-data-relational-2.4.0.jar;E:\Maven\repository\org\springframework\data\spring-data-commons\2.7.0\spring-data-commons-2.7.0.jar;E:\Maven\repository\org\springframework\spring-tx\5.3.20\spring-tx-5.3.20.jar;E:\Maven\repository\org\springframework\spring-context\5.3.20\spring-context-5.3.20.jar;E:\Maven\repository\org\springframework\spring-beans\5.3.20\spring-beans-5.3.20.jar;E:\Maven\repository\org\springframework\boot\spring-boot-starter-thymeleaf\2.7.0\spring-boot-starter-thymeleaf-2.7.0.jar;E:\Maven\repository\org\springframework\boot\spring-boot-starter\2.7.0\spring-boot-starter-2.7.0.jar;E:\Maven\repository\jakarta\annotation\jakarta.annotation-api\1.3.5\jakarta.annotation-api-1.3.5.jar;E:\Maven\repository\org\yaml\snakeyaml\1.30\snakeyaml-1.30.jar;E:\Maven\repository\org\thymeleaf\thymeleaf-spring5\3.0.15.RELEASE\thymeleaf-spring5-3.0.15.RELEASE.jar;E:\Maven\repository\org\thymeleaf\thymeleaf\3.0.15.RELEASE\thymeleaf-3.0.15.RELEASE.jar;E:\Maven\repository\org\attoparser\attoparser\2.0.5.RELEASE\attoparser-2.0.5.RELEASE.jar;E:\Maven\repository\org\unbescape\unbescape\1.1.6.RELEASE\unbescape-1.1.6.RELEASE.jar;E:\Maven\repository\org\thymeleaf\extras\thymeleaf-extras-java8time\3.0.4.RELEASE\thymeleaf-extras-java8time-3.0.4.RELEASE.jar;E:\Maven\repository\org\springframework\boot\spring-boot-starter-web\2.7.0\spring-boot-starter-web-2.7.0.jar;E:\Maven\repository\org\springframework\boot\spring-boot-starter-json\2.7.0\spring-boot-starter-json-2.7.0.jar;E:\Maven\repository\com\fasterxml\jackson\core\jackson-databind\2.13.3\jackson-databind-2.13.3.jar;E:\Maven\repository\com\fasterxml\jackson\core\jackson-annotations\2.13.3\jackson-annotations-2.13.3.jar;E:\Maven\repository\com\fasterxml\jackson\core\jackson-core\2.13.3\jackson-core-2.13.3.jar;E:\Maven\repository\com\fasterxml\jackson\datatype\jackson-datatype-jdk8\2.13.3\jackson-datatype-jdk8-2.13.3.jar;E:\Maven\repository\com\fasterxml\jackson\datatype\jackson-datatype-jsr310\2.13.3\jackson-datatype-jsr310-2.13.3.jar;E:\Maven\repository\com\fasterxml\jackson\module\jackson-module-parameter-names\2.13.3\jackson-module-parameter-names-2.13.3.jar;E:\Maven\repository\org\springframework\boot\spring-boot-starter-tomcat\2.7.0\spring-boot-starter-tomcat-2.7.0.jar;E:\Maven\repository\org\apache\tomcat\embed\tomcat-embed-core\9.0.63\tomcat-embed-core-9.0.63.jar;E:\Maven\repository\org\apache\tomcat\embed\tomcat-embed-el\9.0.63\tomcat-embed-el-9.0.63.jar;E:\Maven\repository\org\apache\tomcat\embed\tomcat-embed-websocket\9.0.63\tomcat-embed-websocket-9.0.63.jar;E:\Maven\repository\org\springframework\spring-web\5.3.20\spring-web-5.3.20.jar;E:\Maven\repository\org\springframework\spring-webmvc\5.3.20\spring-webmvc-5.3.20.jar;E:\Maven\repository\org\springframework\spring-aop\5.3.20\spring-aop-5.3.20.jar;E:\Maven\repository\org\springframework\spring-expression\5.3.20\spring-expression-5.3.20.jar;E:\Maven\repository\ch\qos\logback\logback-core\1.2.11\logback-core-1.2.11.jar;E:\Maven\repository\org\slf4j\slf4j-api\1.7.36\slf4j-api-1.7.36.jar;E:\Maven\repository\ch\qos\logback\logback-classic\1.2.11\logback-classic-1.2.11.jar;E:\Maven\repository\com\squareup\okhttp3\okhttp\3.14.9\okhttp-3.14.9.jar;E:\Maven\repository\com\squareup\okio\okio\1.17.2\okio-1.17.2.jar;E:\Maven\repository\org\springframework\boot\spring-boot-devtools\2.7.0\spring-boot-devtools-2.7.0.jar;E:\Maven\repository\org\springframework\boot\spring-boot\2.7.0\spring-boot-2.7.0.jar;E:\Maven\repository\org\springframework\boot\spring-boot-autoconfigure\2.7.0\spring-boot-autoconfigure-2.7.0.jar;E:\Maven\repository\com\baomidou\mybatis-plus-boot-starter\3.1.1\mybatis-plus-boot-starter-3.1.1.jar;E:\Maven\repository\com\baomidou\mybatis-plus\3.1.1\mybatis-plus-3.1.1.jar;E:\Maven\repository\com\baomidou\mybatis-plus-extension\3.1.1\mybatis-plus-extension-3.1.1.jar;E:\Maven\repository\com\baomidou\mybatis-plus-core\3.1.1\mybatis-plus-core-3.1.1.jar;E:\Maven\repository\com\baomidou\mybatis-plus-annotation\3.1.1\mybatis-plus-annotation-3.1.1.jar;E:\Maven\repository\com\github\jsqlparser\jsqlparser\1.2\jsqlparser-1.2.jar;E:\Maven\repository\org\mybatis\mybatis\3.5.1\mybatis-3.5.1.jar;E:\Maven\repository\org\mybatis\mybatis-spring\2.0.1\mybatis-spring-2.0.1.jar;E:\Maven\repository\mysql\mysql-connector-java\8.0.29\mysql-connector-java-8.0.29.jar;E:\Maven\repository\org\projectlombok\lombok\1.18.24\lombok-1.18.24.jar;E:\Maven\repository\org\apache\poi\poi\4.0.0\poi-4.0.0.jar;E:\Maven\repository\commons-codec\commons-codec\1.15\commons-codec-1.15.jar;E:\Maven\repository\org\apache\commons\commons-collections4\4.2\commons-collections4-4.2.jar;E:\Maven\repository\org\apache\poi\poi-ooxml\4.0.0\poi-ooxml-4.0.0.jar;E:\Maven\repository\org\apache\poi\poi-ooxml-schemas\4.0.0\poi-ooxml-schemas-4.0.0.jar;E:\Maven\repository\org\apache\xmlbeans\xmlbeans\3.0.1\xmlbeans-3.0.1.jar;E:\Maven\repository\org\apache\commons\commons-compress\1.18\commons-compress-1.18.jar;E:\Maven\repository\com\github\virtuald\curvesapi\1.04\curvesapi-1.04.jar;E:\Maven\repository\org\apache\httpcomponents\httpclient\4.5.2\httpclient-4.5.2.jar;E:\Maven\repository\org\apache\httpcomponents\httpcore\4.4.15\httpcore-4.4.15.jar;E:\Maven\repository\com\alibaba\fastjson\1.2.56\fastjson-1.2.56.jar;E:\Maven\repository\cn\hutool\hutool-all\4.6.8\hutool-all-4.6.8.jar;E:\Maven\repository\org\apache\shiro\shiro-spring\1.4.2\shiro-spring-1.4.2.jar;E:\Maven\repository\org\apache\shiro\shiro-web\1.4.2\shiro-web-1.4.2.jar;E:\Maven\repository\org\apache\shiro\shiro-core\1.4.2\shiro-core-1.4.2.jar;E:\Maven\repository\org\apache\shiro\shiro-lang\1.4.2\shiro-lang-1.4.2.jar;E:\Maven\repository\org\apache\shiro\shiro-cache\1.4.2\shiro-cache-1.4.2.jar;E:\Maven\repository\org\apache\shiro\shiro-crypto-hash\1.4.2\shiro-crypto-hash-1.4.2.jar;E:\Maven\repository\org\apache\shiro\shiro-crypto-core\1.4.2\shiro-crypto-core-1.4.2.jar;E:\Maven\repository\org\apache\shiro\shiro-crypto-cipher\1.4.2\shiro-crypto-cipher-1.4.2.jar;E:\Maven\repository\org\apache\shiro\shiro-config-core\1.4.2\shiro-config-core-1.4.2.jar;E:\Maven\repository\org\apache\shiro\shiro-config-ogdl\1.4.2\shiro-config-ogdl-1.4.2.jar;E:\Maven\repository\commons-beanutils\commons-beanutils\1.9.3\commons-beanutils-1.9.3.jar;E:\Maven\repository\commons-collections\commons-collections\3.2.2\commons-collections-3.2.2.jar;E:\Maven\repository\org\apache\shiro\shiro-event\1.4.2\shiro-event-1.4.2.jar;E:\Maven\repository\com\github\theborakompanioni\thymeleaf-extras-shiro\2.0.0\thymeleaf-extras-shiro-2.0.0.jar;E:\Maven\repository\org\apache\commons\commons-lang3\3.12.0\commons-lang3-3.12.0.jar;E:\Maven\repository\redis\clients\jedis\2.7.1\jedis-2.7.1.jar;E:\Maven\repository\org\apache\commons\commons-pool2\2.11.1\commons-pool2-2.11.1.jar;E:\Maven\repository\org\springframework\boot\spring-boot-starter-test\2.7.0\spring-boot-starter-test-2.7.0.jar;E:\Maven\repository\org\springframework\boot\spring-boot-test\2.7.0\spring-boot-test-2.7.0.jar;E:\Maven\repository\org\springframework\boot\spring-boot-test-autoconfigure\2.7.0\spring-boot-test-autoconfigure-2.7.0.jar;E:\Maven\repository\com\jayway\jsonpath\json-path\2.7.0\json-path-2.7.0.jar;E:\Maven\repository\net\minidev\json-smart\2.4.8\json-smart-2.4.8.jar;E:\Maven\repository\net\minidev\accessors-smart\2.4.8\accessors-smart-2.4.8.jar;E:\Maven\repository\org\ow2\asm\asm\9.1\asm-9.1.jar;E:\Maven\repository\jakarta\xml\bind\jakarta.xml.bind-api\2.3.3\jakarta.xml.bind-api-2.3.3.jar;E:\Maven\repository\jakarta\activation\jakarta.activation-api\1.2.2\jakarta.activation-api-1.2.2.jar;E:\Maven\repository\org\assertj\assertj-core\3.22.0\assertj-core-3.22.0.jar;E:\Maven\repository\org\hamcrest\hamcrest\2.2\hamcrest-2.2.jar;E:\Maven\repository\org\junit\jupiter\junit-jupiter\5.8.2\junit-jupiter-5.8.2.jar;E:\Maven\repository\org\junit\jupiter\junit-jupiter-api\5.8.2\junit-jupiter-api-5.8.2.jar;E:\Maven\repository\org\opentest4j\opentest4j\1.2.0\opentest4j-1.2.0.jar;E:\Maven\repository\org\junit\platform\junit-platform-commons\1.8.2\junit-platform-commons-1.8.2.jar;E:\Maven\repository\org\apiguardian\apiguardian-api\1.1.2\apiguardian-api-1.1.2.jar;E:\Maven\repository\org\junit\jupiter\junit-jupiter-params\5.8.2\junit-jupiter-params-5.8.2.jar;E:\Maven\repository\org\junit\jupiter\junit-jupiter-engine\5.8.2\junit-jupiter-engine-5.8.2.jar;E:\Maven\repository\org\junit\platform\junit-platform-engine\1.8.2\junit-platform-engine-1.8.2.jar;E:\Maven\repository\org\mockito\mockito-core\4.5.1\mockito-core-4.5.1.jar;E:\Maven\repository\net\bytebuddy\byte-buddy\1.12.10\byte-buddy-1.12.10.jar;E:\Maven\repository\net\bytebuddy\byte-buddy-agent\1.12.10\byte-buddy-agent-1.12.10.jar;E:\Maven\repository\org\objenesis\objenesis\3.2\objenesis-3.2.jar;E:\Maven\repository\org\mockito\mockito-junit-jupiter\4.5.1\mockito-junit-jupiter-4.5.1.jar;E:\Maven\repository\org\skyscreamer\jsonassert\1.5.0\jsonassert-1.5.0.jar;E:\Maven\repository\com\vaadin\external\google\android-json\0.0.20131108.vaadin1\android-json-0.0.20131108.vaadin1.jar;E:\Maven\repository\org\springframework\spring-core\5.3.20\spring-core-5.3.20.jar;E:\Maven\repository\org\springframework\spring-jcl\5.3.20\spring-jcl-5.3.20.jar;E:\Maven\repository\org\springframework\spring-test\5.3.20\spring-test-5.3.20.jar;E:\Maven\repository\org\xmlunit\xmlunit-core\2.9.0\xmlunit-core-2.9.0.jar;"/>
    <property name="sun.cpu.endian" value="little"/>
    <property name="user.home" value="C:\Users\20824"/>
    <property name="user.language" value="zh"/>
    <property name="java.specification.vendor" value="Oracle Corporation"/>
    <property name="java.home" value="D:\JAVA8\jre"/>
    <property name="basedir" value="E:\大学学习\主课程\大三上\数据库原理实验\DB8_2020303150_郭方栩\springboot-cov-manage"/>
    <property name="file.separator" value="\"/>
    <property name="line.separator" value="&#10;"/>
    <property name="java.vm.specification.vendor" value="Oracle Corporation"/>
    <property name="java.specification.name" value="Java Platform API Specification"/>
    <property name="java.awt.graphicsenv" value="sun.awt.Win32GraphicsEnvironment"/>
    <property name="surefire.real.class.path" value="C:\Users\20824\AppData\Local\Temp\surefire5309698993249967236\surefirebooter5195317195220733343.jar"/>
    <property name="sun.boot.class.path" value="D:\JAVA8\jre\lib\resources.jar;D:\JAVA8\jre\lib\rt.jar;D:\JAVA8\jre\lib\sunrsasign.jar;D:\JAVA8\jre\lib\jsse.jar;D:\JAVA8\jre\lib\jce.jar;D:\JAVA8\jre\lib\charsets.jar;D:\JAVA8\jre\lib\jfr.jar;D:\JAVA8\jre\classes"/>
    <property name="user.script" value=""/>
    <property name="sun.management.compiler" value="HotSpot Client Compiler"/>
    <property name="java.runtime.version" value="1.8.0_311-b11"/>
    <property name="user.name" value="20824"/>
    <property name="path.separator" value=";"/>
    <property name="os.version" value="10.0"/>
    <property name="java.endorsed.dirs" value="D:\JAVA8\jre\lib\endorsed"/>
    <property name="java.runtime.name" value="Java(TM) SE Runtime Environment"/>
    <property name="file.encoding" value="GBK"/>
    <property name="java.vm.name" value="Java HotSpot(TM) Client VM"/>
    <property name="localRepository" value="E:\Maven\repository"/>
    <property name="java.vendor.url.bug" value="http://bugreport.sun.com/bugreport/"/>
    <property name="java.io.tmpdir" value="C:\Users\20824\AppData\Local\Temp\"/>
    <property name="idea.version" value="2022.3.1"/>
    <property name="java.version" value="1.8.0_311"/>
    <property name="user.dir" value="E:\大学学习\主课程\大三上\数据库原理实验\DB8_2020303150_郭方栩\springboot-cov-manage"/>
    <property name="os.arch" value="x86"/>
    <property name="java.vm.specification.name" value="Java Virtual Machine Specification"/>
    <property name="java.awt.printerjob" value="sun.awt.windows.WPrinterJob"/>
    <property name="sun.os.patch.level" value=""/>
    <property name="java.library.path" value="D:\JAVA8\jre\bin;C:\Windows\Sun\Java\bin;C:\Windows\system32;C:\Windows;E:\VM\bin\;E:\gurobi950\win64\bin;E:\Python\Scripts\;E:\Python\;C:\Program Files (x86)\Common Files\Oracle\Java\javapath;C:\Windows\system32;C:\Windows;C:\Windows\System32\Wbem;C:\Windows\System32\WindowsPowerShell\v1.0\;C:\Windows\System32\OpenSSH\;C:\Program Files (x86)\NVIDIA Corporation\PhysX\Common;C:\Program Files\NVIDIA Corporation\NVIDIA NvDLISR;E:\MATLAB2021b\runtime\win64;E:\MATLAB2021b\bin;D:\Halcon\bin\x64-win64;D:\JAVA8\bin;D:\JAVA8\jre\bin;E:\Bandizip\;E:\Rose\common;D:\Git\cmd;E:\mysql-8.0.30-winx64\bin;C:\Program Files\MySQL\MySQL Utilities 1.6\;C:\Program Files\MySQL\MySQL Shell 8.0\bin\;C:\Program Files\dotnet\;C:\Program Files\MySQL\MySQL Shell 8.0\bin\;C:\Users\20824\AppData\Local\Microsoft\WindowsApps;D:\modelsim2\win64;D:\Microsoft VS Code\bin;D:\iverilog\bin;D:\iverilog\gtkwave\bin;E:\PyCharm Community Edition 2021.3.1\bin;;E:\mingw64\bin;C:\Users\20824\AppData\Local\GitHubDesktop\bin;C:\Users\20824\.dotnet\tools;E:\mingw64\include;;E:\IntelliJ IDEA 2022.3\bin;;E:\WebStorm 2022.3\bin;;."/>
    <property name="java.vm.info" value="mixed mode"/>
    <property name="java.vendor" value="Oracle Corporation"/>
    <property name="java.vm.version" value="25.311-b11"/>
    <property name="java.ext.dirs" value="D:\JAVA8\jre\lib\ext;C:\Windows\Sun\Java\lib\ext"/>
    <property name="sun.io.unicode.encoding" value="UnicodeLittle"/>
    <property name="java.class.version" value="52.0"/>
  </properties>
  <testcase name="contextLoads" classname="com.example.demo.DemoApplicationTests" time="0.326"/>
</testsuite>